<?xml version="1.0" encoding="UTF-8"?>
<!-- Generated by org.testng.reporters.JUnitReportReporter -->
<testsuite hostname="LTGB011108" failures="0" tests="2" name="com.hospital.practo.runner.CukeRun" time="31.517" errors="0" timestamp="2025-04-09T10:44:42 BST" skipped="0">
  <testcase classname="com.hospital.practo.runner.CukeRun" name="runScenario" time="15.679"/>
  <testcase classname="com.hospital.practo.runner.CukeRun" name="runScenario" time="15.838"/>
</testsuite> <!-- com.hospital.practo.runner.CukeRun -->
