<?xml version="1.0" encoding="UTF-8"?>
<!-- Generated by org.testng.reporters.JUnitReportReporter -->
<testsuite hostname="LTGB011108" failures="0" tests="1" name="com.hospital.practo.runner.CukeRun" time="25.663" errors="0" timestamp="2025-03-25T17:33:50 GMT" skipped="0">
  <testcase classname="com.hospital.practo.runner.CukeRun" name="runScenario" time="25.663"/>
</testsuite> <!-- com.hospital.practo.runner.CukeRun -->
