<?xml version="1.0" encoding="UTF-8"?>
<!-- Generated by org.testng.reporters.JUnitReportReporter -->
<testsuite hostname="LTGB011108" failures="0" tests="1" name="com.hospital.practo.runner.CukeRun" time="0.128" errors="0" timestamp="2025-03-24T21:36:14 GMT" skipped="0">
  <testcase classname="com.hospital.practo.runner.CukeRun" name="runScenario" time="0.128"/>
</testsuite> <!-- com.hospital.practo.runner.CukeRun -->
