<?xml version="1.0" encoding="UTF-8"?>
<!-- Generated by org.testng.reporters.JUnitReportReporter -->
<testsuite hostname="LTGB011108" failures="0" tests="2" name="com.pageTests.HospitalListingsTest" time="84.202" errors="0" timestamp="2025-03-28T14:25:59 GMT" skipped="0">
  <testcase classname="com.pageTests.HospitalListingsTest" name="setUp" time="40.276"/>
  <testcase classname="com.pageTests.HospitalListingsTest" name="print_All_Hopsitals_With_Rating_And_Opening" time="43.926"/>
</testsuite> <!-- com.pageTests.HospitalListingsTest -->
