<?xml version="1.0" encoding="UTF-8"?>
<!-- Generated by org.testng.reporters.JUnitReportReporter -->
<testsuite hostname="LTGB011108" failures="0" tests="2" name="com.pageTests.HospitalListingsTest" time="67.409" errors="0" timestamp="2025-04-04T16:52:22 BST" skipped="0">
  <testcase classname="com.pageTests.HospitalListingsTest" name="setUp" time="29.932"/>
  <testcase classname="com.pageTests.HospitalListingsTest" name="print_All_Hopsitals_With_Rating_And_Opening" time="37.477"/>
</testsuite> <!-- com.pageTests.HospitalListingsTest -->
