<?xml version="1.0" encoding="UTF-8"?>
<!-- Generated by org.testng.reporters.JUnitReportReporter -->
<testsuite hostname="LTGB011108" failures="0" tests="1" name="com.pageTests.HomePageAccessibilityTest" time="13.585" errors="0" timestamp="2025-04-10T10:18:41 BST" skipped="0">
  <testcase classname="com.pageTests.HomePageAccessibilityTest" name="testAccessibility" time="13.585"/>
</testsuite> <!-- com.pageTests.HomePageAccessibilityTest -->
