<?xml version="1.0" encoding="UTF-8"?>
<!-- Generated by org.testng.reporters.JUnitReportReporter -->
<testsuite hostname="LTGB011108" failures="0" tests="1" name="com.pageTests.HomePageAccessibilityTest" time="16.233" errors="0" timestamp="2025-04-14T14:10:49 BST" skipped="0">
  <testcase classname="com.pageTests.HomePageAccessibilityTest" name="testAccessibility" time="16.233"/>
</testsuite> <!-- com.pageTests.HomePageAccessibilityTest -->
