<?xml version="1.0" encoding="UTF-8"?>
<!-- Generated by org.testng.reporters.JUnitReportReporter -->
<testsuite hostname="LTGB011108" failures="0" tests="1" name="com.pageTests.HospitalListingsTest" time="18.769" errors="0" timestamp="2025-03-27T14:20:33 GMT" skipped="0">
  <testcase classname="com.pageTests.HospitalListingsTest" name="setUp" time="18.769"/>
</testsuite> <!-- com.pageTests.HospitalListingsTest -->
