<?xml version="1.0" encoding="UTF-8"?>
<!-- Generated by org.testng.reporters.JUnitReportReporter -->
<testsuite hostname="LTGB011108" failures="0" tests="2" name="com.pageTests.HospitalListingsTest" time="21.577" errors="0" timestamp="2025-04-04T10:50:26 BST" skipped="0">
  <testcase classname="com.pageTests.HospitalListingsTest" name="setUp" time="20.450"/>
  <testcase classname="com.pageTests.HospitalListingsTest" name="print_All_Hopsitals_With_Rating_And_Opening" time="1.127"/>
</testsuite> <!-- com.pageTests.HospitalListingsTest -->
