<?xml version="1.0" encoding="UTF-8"?>
<!-- Generated by org.testng.reporters.JUnitReportReporter -->
<testsuite hostname="LTGB011108" failures="0" tests="2" name="com.pageTests.HospitalListingsTest" time="112.310" errors="0" timestamp="2025-04-14T14:21:39 BST" skipped="0">
  <testcase classname="com.pageTests.HospitalListingsTest" name="setUp" time="29.266"/>
  <testcase classname="com.pageTests.HospitalListingsTest" name="print_All_Hopsitals_With_Rating_And_Opening" time="83.044"/>
</testsuite> <!-- com.pageTests.HospitalListingsTest -->
