<?xml version="1.0" encoding="UTF-8"?>
<!-- Generated by org.testng.reporters.JUnitReportReporter -->
<testsuite hostname="LTGB011108" failures="0" tests="4" name="com.pageTests.TopCitiesTest" time="32.099" errors="0" timestamp="2025-04-11T14:18:52 BST" skipped="0">
  <testcase classname="com.pageTests.TopCitiesTest" name="setUpPageTest" time="0.070"/>
  <testcase classname="com.pageTests.TopCitiesTest" name="goToDiagnosisPageTest" time="1.382"/>
  <testcase classname="com.pageTests.TopCitiesTest" name="manageConsentTest" time="30.497"/>
  <testcase classname="com.pageTests.TopCitiesTest" name="createExcelReport" time="0.150"/>
</testsuite> <!-- com.pageTests.TopCitiesTest -->
