<?xml version="1.0" encoding="UTF-8"?>
<!-- Generated by org.testng.reporters.JUnitReportReporter -->
<testsuite hostname="LTGB011108" failures="0" tests="1" name="com.hospital.practo.runner.CukeRun" time="11.981" errors="0" timestamp="2025-04-04T12:06:25 BST" skipped="0">
  <testcase classname="com.hospital.practo.runner.CukeRun" name="runScenario" time="11.981"/>
</testsuite> <!-- com.hospital.practo.runner.CukeRun -->
