<?xml version="1.0" encoding="UTF-8"?>
<!-- Generated by org.testng.reporters.JUnitReportReporter -->
<testsuite hostname="LTGB011108" failures="0" tests="3" name="com.hospital.practo.runner.CukeRun" time="51.667" errors="0" timestamp="2025-03-29T23:14:16 GMT" skipped="0">
  <testcase classname="com.hospital.practo.runner.CukeRun" name="runScenario" time="21.101"/>
  <testcase classname="com.hospital.practo.runner.CukeRun" name="runScenario" time="15.836"/>
  <testcase classname="com.hospital.practo.runner.CukeRun" name="runScenario" time="14.730"/>
</testsuite> <!-- com.hospital.practo.runner.CukeRun -->
