<?xml version="1.0" encoding="UTF-8"?>
<!-- Generated by org.testng.reporters.JUnitReportReporter -->
<testsuite hostname="LTGB011108" failures="0" tests="2" name="com.pageTests.HospitalListingsTest" time="55.143" errors="0" timestamp="2025-04-01T22:41:48 BST" skipped="0">
  <testcase classname="com.pageTests.HospitalListingsTest" name="setUp" time="16.560"/>
  <testcase classname="com.pageTests.HospitalListingsTest" name="print_All_Hopsitals_With_Rating_And_Opening" time="38.583"/>
</testsuite> <!-- com.pageTests.HospitalListingsTest -->
