<?xml version="1.0" encoding="UTF-8"?>
<!-- Generated by org.testng.reporters.JUnitReportReporter -->
<testsuite hostname="LTGB011108" failures="0" tests="1" name="com.hospital.practo.runner.CukeRun" time="20.147" errors="0" timestamp="2025-03-31T22:56:57 BST" skipped="0">
  <testcase classname="com.hospital.practo.runner.CukeRun" name="runScenario" time="20.147"/>
</testsuite> <!-- com.hospital.practo.runner.CukeRun -->
